Crashlog created at 2014-12-01 12:47:59 +0100

===== MESSAGE:

Nanoc::Errors::NoMatchingCompilationRuleFound: No compilation rules were found for the “/controlling-i-score-via-osc/” item.

===== COMPILATION STACK:

  (empty)

===== STACK TRACE:

  0. /usr/local/lib/ruby/gems/2.1.0/gems/nanoc-3.7.4/lib/nanoc/base/compilation/compiler.rb:220:in `block in build_reps'
  1. /usr/local/lib/ruby/gems/2.1.0/gems/nanoc-3.7.4/lib/nanoc/base/compilation/compiler.rb:217:in `build_reps'
  2. /usr/local/lib/ruby/gems/2.1.0/gems/nanoc-3.7.4/lib/nanoc/base/compilation/compiler.rb:124:in `load'
  3. /usr/local/lib/ruby/gems/2.1.0/gems/nanoc-3.7.4/lib/nanoc/base/source_data/site.rb:255:in `load'
  4. /usr/local/lib/ruby/gems/2.1.0/gems/nanoc-3.7.4/lib/nanoc/cli/command_runner.rb:64:in `load_site'
  5. /usr/local/lib/ruby/gems/2.1.0/gems/nanoc-3.7.4/lib/nanoc/cli/commands/compile.rb:392:in `run'
  6. /usr/local/lib/ruby/gems/2.1.0/gems/nanoc-3.7.4/lib/nanoc/cli/command_runner.rb:14:in `block in call'
  7. /usr/local/lib/ruby/gems/2.1.0/gems/nanoc-3.7.4/lib/nanoc/cli/error_handler.rb:74:in `handle_while'
  8. /usr/local/lib/ruby/gems/2.1.0/gems/nanoc-3.7.4/lib/nanoc/cli/error_handler.rb:26:in `handle_while'
  9. /usr/local/lib/ruby/gems/2.1.0/gems/nanoc-3.7.4/lib/nanoc/cli/command_runner.rb:13:in `call'
  10. /usr/local/lib/ruby/gems/2.1.0/gems/cri-2.6.1/lib/cri/command_dsl.rb:223:in `block in runner'
  11. /usr/local/lib/ruby/gems/2.1.0/gems/cri-2.6.1/lib/cri/command.rb:298:in `call'
  12. /usr/local/lib/ruby/gems/2.1.0/gems/cri-2.6.1/lib/cri/command.rb:298:in `run_this'
  13. /usr/local/lib/ruby/gems/2.1.0/gems/cri-2.6.1/lib/cri/command.rb:251:in `run'
  14. /usr/local/lib/ruby/gems/2.1.0/gems/cri-2.6.1/lib/cri/command.rb:264:in `run'
  15. /usr/local/lib/ruby/gems/2.1.0/gems/nanoc-3.7.4/lib/nanoc/cli.rb:59:in `block in run'
  16. /usr/local/lib/ruby/gems/2.1.0/gems/nanoc-3.7.4/lib/nanoc/cli/error_handler.rb:74:in `handle_while'
  17. /usr/local/lib/ruby/gems/2.1.0/gems/nanoc-3.7.4/lib/nanoc/cli/error_handler.rb:26:in `handle_while'
  18. /usr/local/lib/ruby/gems/2.1.0/gems/nanoc-3.7.4/lib/nanoc/cli.rb:57:in `run'
  19. /usr/local/lib/ruby/gems/2.1.0/gems/nanoc-3.7.4/bin/nanoc:25:in `<top (required)>'
  20. /usr/bin/nanoc:23:in `load'

===== VERSION INFORMATION:

nanoc 3.7.4 © 2007-2014 Denis Defreyne.
Running ruby 2.1.5 (2014-11-13) on x86_64-darwin14.0 with RubyGems 2.4.4.

===== SYSTEM INFORMATION:

Darwin MacBook-Pro-de-Julien.local 14.0.0 Darwin Kernel Version 14.0.0: Fri Sep 19 00:26:44 PDT 2014; root:xnu-2782.1.97~2/RELEASE_X86_64 x86_64

===== INSTALLED GEMS:

  bigdecimal 1.2.4
  colored 1.2
  cri 2.6.1
  io-console 0.4.2
  json 1.8.1
  minitest 4.7.5
  nanoc 3.7.4
  psych 2.0.5
  rake 10.1.0
  rdoc 4.1.0
  rubygems-update 2.4.4
  test-unit 2.1.5.0

===== ENVIRONMENT:

Apple_PubSub_Socket_Render => "/private/tmp/com.apple.launchd.lrh9BuMLfp/Render"
HOME => "/Users/julienrabin"
LANG => "fr_FR.UTF-8"
LOGNAME => "jln"
OLDPWD => "/Users/julienrabin/@dev/i-score/documentation"
PATH => "/usr/local/bin:/usr/bin:/bin:/usr/sbin:/sbin"
PWD => "/Users/julienrabin/@dev/i-score/documentation"
SHELL => "/bin/bash"
SHLVL => "1"
SSH_AUTH_SOCK => "/private/tmp/com.apple.launchd.mGda86Rrec/Listeners"
TERM => "xterm-256color"
TERM_PROGRAM => "Apple_Terminal"
TERM_PROGRAM_VERSION => "343"
TERM_SESSION_ID => "1A0A5497-9A9C-4BD4-B150-27020E33DCF2"
TMPDIR => "/var/folders/hg/l8d7b9hx4tz1k2kkn0j8ny8c0000gn/T/"
USER => "jln"
XPC_FLAGS => "0x0"
XPC_SERVICE_NAME => "0"
_ => "/usr/bin/nanoc"
__CF_USER_TEXT_ENCODING => "0x1F5:0x0:0x1"

===== LOAD PATHS:

  0. /usr/local/lib/ruby/gems/2.1.0/gems/nanoc-3.7.4/lib
  1. /usr/local/lib/ruby/gems/2.1.0/gems/colored-1.2/lib
  2. /usr/local/lib/ruby/gems/2.1.0/gems/cri-2.6.1/lib
  3. /usr/local/lib/ruby/gems/2.1.0/gems/nanoc-3.7.4/lib
  4. /usr/local/lib/ruby/site_ruby/2.1.0
  5. /usr/local/lib/ruby/site_ruby/2.1.0/x86_64-darwin14.0
  6. /usr/local/lib/ruby/site_ruby
  7. /usr/local/lib/ruby/vendor_ruby/2.1.0
  8. /usr/local/lib/ruby/vendor_ruby/2.1.0/x86_64-darwin14.0
  9. /usr/local/lib/ruby/vendor_ruby
  10. /usr/local/Cellar/ruby/2.1.5/lib/ruby/2.1.0
  11. /usr/local/Cellar/ruby/2.1.5/lib/ruby/2.1.0/x86_64-darwin14.0
